# JRE version: OpenJDK Runtime Environment Temurin-21.0.10+7 (21.0.10+7) (build 21.0.10+7-LTS)
# Java VM: OpenJDK 64-Bit Server VM Temurin-21.0.10+7 (21.0.10+7-LTS, mixed mode, sharing, tiered, compressed oops, compressed class ptrs, parallel gc, windows-amd64)
GC Precious Log:
 CardTable entry size: 512
 CPUs: 12 total, 12 available
 Memory: 7876M
 Large Page Support: Disabled
 NUMA Support: Disabled
 Compressed Oops: Enabled (32-bit)
 Alignments: Space 512K, Generation 512K, Heap 2M
 Heap Min Capacity: 100M
 Heap Initial Capacity: 100M
 Heap Max Capacity: 2G
 Pre-touch: Disabled
 Parallel Workers: 10
Heap:
 PSYoungGen      total 4096K, used 3621K [0x00000000d5580000, 0x00000000d5b80000, 0x0000000100000000)
  eden space 3584K, 93% used [0x00000000d5580000,0x00000000d58c1758,0x00000000d5900000)
  from space 512K, 56% used [0x00000000d5b00000,0x00000000d5b48000,0x00000000d5b80000)
  to   space 1024K, 0% used [0x00000000d5980000,0x00000000d5980000,0x00000000d5a80000)
 ParOldGen       total 528384K, used 528268K [0x0000000080000000, 0x00000000a0400000, 0x00000000d5580000)
  object space 528384K, 99% used [0x0000000080000000,0x00000000a03e33f8,0x00000000a0400000)
 Metaspace       used 70470K, committed 72000K, reserved 1114112K
  class space    used 7561K, committed 8192K, reserved 1048576K
GC Heap History (20 events):
Event: 814.803 GC heap before
{Heap before GC invocations=402 (full 3):
 PSYoungGen      total 5632K, used 5616K [0x00000000d5580000, 0x00000000d5d80000, 0x0000000100000000)
  eden space 5120K, 99% used [0x00000000d5580000,0x00000000d5a7fff8,0x00000000d5a80000)
  from space 512K, 96% used [0x00000000d5d00000,0x00000000d5d7c050,0x00000000d5d80000)
  to   space 1024K, 0% used [0x00000000d5b80000,0x00000000d5b80000,0x00000000d5c80000)
 ParOldGen       total 523264K, used 522791K [0x0000000080000000, 0x000000009ff00000, 0x00000000d5580000)
  object space 523264K, 99% used [0x0000000080000000,0x000000009fe89ef0,0x000000009ff00000)
 Metaspace       used 69142K, committed 70528K, reserved 1114112K
  class space    used 7485K, committed 8064K, reserved 1048576K
}
Event: 814.809 GC heap after
{Heap after GC invocations=402 (full 3):
 PSYoungGen      total 6144K, used 592K [0x00000000d5580000, 0x00000000d5d80000, 0x0000000100000000)
  eden space 5120K, 0% used [0x00000000d5580000,0x00000000d5580000,0x00000000d5a80000)
  from space 1024K, 57% used [0x00000000d5b80000,0x00000000d5c14030,0x00000000d5c80000)
  to   space 1024K, 0% used [0x00000000d5c80000,0x00000000d5c80000,0x00000000d5d80000)
 ParOldGen       total 523264K, used 523084K [0x0000000080000000, 0x000000009ff00000, 0x00000000d5580000)
  object space 523264K, 99% used [0x0000000080000000,0x000000009fed33b0,0x000000009ff00000)
 Metaspace       used 69142K, committed 70528K, reserved 1114112K
  class space    used 7485K, committed 8064K, reserved 1048576K
}
Event: 815.289 GC heap before
{Heap before GC invocations=403 (full 3):
 PSYoungGen      total 6144K, used 5709K [0x00000000d5580000, 0x00000000d5d80000, 0x0000000100000000)
  eden space 5120K, 99% used [0x00000000d5580000,0x00000000d5a7f438,0x00000000d5a80000)
  from space 1024K, 57% used [0x00000000d5b80000,0x00000000d5c14030,0x00000000d5c80000)
  to   space 1024K, 0% used [0x00000000d5c80000,0x00000000d5c80000,0x00000000d5d80000)
 ParOldGen       total 523264K, used 523084K [0x0000000080000000, 0x000000009ff00000, 0x00000000d5580000)
  object space 523264K, 99% used [0x0000000080000000,0x000000009fed33b0,0x000000009ff00000)
 Metaspace       used 69348K, committed 70720K, reserved 1114112K
  class space    used 7500K, committed 8064K, reserved 1048576K
}
Event: 815.299 GC heap after
{Heap after GC invocations=403 (full 3):
 PSYoungGen      total 5632K, used 448K [0x00000000d5580000, 0x00000000d5d00000, 0x0000000100000000)
  eden space 5120K, 0% used [0x00000000d5580000,0x00000000d5580000,0x00000000d5a80000)
  from space 512K, 87% used [0x00000000d5c80000,0x00000000d5cf0000,0x00000000d5d00000)
  to   space 1024K, 0% used [0x00000000d5b00000,0x00000000d5b00000,0x00000000d5c00000)
 ParOldGen       total 523776K, used 523380K [0x0000000080000000, 0x000000009ff80000, 0x00000000d5580000)
  object space 523776K, 99% used [0x0000000080000000,0x000000009ff1d3d0,0x000000009ff80000)
 Metaspace       used 69348K, committed 70720K, reserved 1114112K
  class space    used 7500K, committed 8064K, reserved 1048576K
}
Event: 815.414 GC heap before
{Heap before GC invocations=404 (full 3):
 PSYoungGen      total 5632K, used 5564K [0x00000000d5580000, 0x00000000d5d00000, 0x0000000100000000)
  eden space 5120K, 99% used [0x00000000d5580000,0x00000000d5a7f250,0x00000000d5a80000)
  from space 512K, 87% used [0x00000000d5c80000,0x00000000d5cf0000,0x00000000d5d00000)
  to   space 1024K, 0% used [0x00000000d5b00000,0x00000000d5b00000,0x00000000d5c00000)
 ParOldGen       total 523776K, used 523380K [0x0000000080000000, 0x000000009ff80000, 0x00000000d5580000)
  object space 523776K, 99% used [0x0000000080000000,0x000000009ff1d3d0,0x000000009ff80000)
 Metaspace       used 69475K, committed 70912K, reserved 1114112K
  class space    used 7508K, committed 8128K, reserved 1048576K
}
Event: 815.419 GC heap after
{Heap after GC invocations=404 (full 3):
 PSYoungGen      total 6144K, used 576K [0x00000000d5580000, 0x00000000d5d00000, 0x0000000100000000)
  eden space 5120K, 0% used [0x00000000d5580000,0x00000000d5580000,0x00000000d5a80000)
  from space 1024K, 56% used [0x00000000d5b00000,0x00000000d5b90020,0x00000000d5c00000)
  to   space 1024K, 0% used [0x00000000d5c00000,0x00000000d5c00000,0x00000000d5d00000)
 ParOldGen       total 524800K, used 524288K [0x0000000080000000, 0x00000000a0080000, 0x00000000d5580000)
  object space 524800K, 99% used [0x0000000080000000,0x00000000a0000330,0x00000000a0080000)
 Metaspace       used 69475K, committed 70912K, reserved 1114112K
  class space    used 7508K, committed 8128K, reserved 1048576K
}
Event: 815.649 GC heap before
{Heap before GC invocations=405 (full 3):
 PSYoungGen      total 6144K, used 5696K [0x00000000d5580000, 0x00000000d5d00000, 0x0000000100000000)
  eden space 5120K, 100% used [0x00000000d5580000,0x00000000d5a80000,0x00000000d5a80000)
  from space 1024K, 56% used [0x00000000d5b00000,0x00000000d5b90020,0x00000000d5c00000)
  to   space 1024K, 0% used [0x00000000d5c00000,0x00000000d5c00000,0x00000000d5d00000)
 ParOldGen       total 524800K, used 524288K [0x0000000080000000, 0x00000000a0080000, 0x00000000d5580000)
  object space 524800K, 99% used [0x0000000080000000,0x00000000a0000330,0x00000000a0080000)
 Metaspace       used 69624K, committed 71168K, reserved 1114112K
  class space    used 7518K, committed 8128K, reserved 1048576K
}
Event: 815.655 GC heap after
{Heap after GC invocations=405 (full 3):
 PSYoungGen      total 5632K, used 448K [0x00000000d5580000, 0x00000000d5c80000, 0x0000000100000000)
  eden space 5120K, 0% used [0x00000000d5580000,0x00000000d5580000,0x00000000d5a80000)
  from space 512K, 87% used [0x00000000d5c00000,0x00000000d5c70000,0x00000000d5c80000)
  to   space 512K, 0% used [0x00000000d5b80000,0x00000000d5b80000,0x00000000d5c00000)
 ParOldGen       total 524800K, used 524624K [0x0000000080000000, 0x00000000a0080000, 0x00000000d5580000)
  object space 524800K, 99% used [0x0000000080000000,0x00000000a0054350,0x00000000a0080000)
 Metaspace       used 69624K, committed 71168K, reserved 1114112K
  class space    used 7518K, committed 8128K, reserved 1048576K
}
Event: 816.491 GC heap before
{Heap before GC invocations=406 (full 3):
 PSYoungGen      total 5632K, used 5568K [0x00000000d5580000, 0x00000000d5c80000, 0x0000000100000000)
  eden space 5120K, 100% used [0x00000000d5580000,0x00000000d5a80000,0x00000000d5a80000)
  from space 512K, 87% used [0x00000000d5c00000,0x00000000d5c70000,0x00000000d5c80000)
  to   space 512K, 0% used [0x00000000d5b80000,0x00000000d5b80000,0x00000000d5c00000)
 ParOldGen       total 524800K, used 524624K [0x0000000080000000, 0x00000000a0080000, 0x00000000d5580000)
  object space 524800K, 99% used [0x0000000080000000,0x00000000a0054350,0x00000000a0080000)
 Metaspace       used 69666K, committed 71168K, reserved 1114112K
  class space    used 7519K, committed 8128K, reserved 1048576K
}
Event: 816.495 GC heap after
{Heap after GC invocations=406 (full 3):
 PSYoungGen      total 5632K, used 384K [0x00000000d5580000, 0x00000000d5c80000, 0x0000000100000000)
  eden space 5120K, 0% used [0x00000000d5580000,0x00000000d5580000,0x00000000d5a80000)
  from space 512K, 75% used [0x00000000d5b80000,0x00000000d5be0020,0x00000000d5c00000)
  to   space 512K, 0% used [0x00000000d5c00000,0x00000000d5c00000,0x00000000d5c80000)
 ParOldGen       total 524800K, used 524777K [0x0000000080000000, 0x00000000a0080000, 0x00000000d5580000)
  object space 524800K, 99% used [0x0000000080000000,0x00000000a007a648,0x00000000a0080000)
 Metaspace       used 69666K, committed 71168K, reserved 1114112K
  class space    used 7519K, committed 8128K, reserved 1048576K
}
Event: 818.169 GC heap before
{Heap before GC invocations=407 (full 3):
 PSYoungGen      total 5632K, used 5497K [0x00000000d5580000, 0x00000000d5c80000, 0x0000000100000000)
  eden space 5120K, 99% used [0x00000000d5580000,0x00000000d5a7e608,0x00000000d5a80000)
  from space 512K, 75% used [0x00000000d5b80000,0x00000000d5be0020,0x00000000d5c00000)
  to   space 512K, 0% used [0x00000000d5c00000,0x00000000d5c00000,0x00000000d5c80000)
 ParOldGen       total 524800K, used 524777K [0x0000000080000000, 0x00000000a0080000, 0x00000000d5580000)
  object space 524800K, 99% used [0x0000000080000000,0x00000000a007a648,0x00000000a0080000)
 Metaspace       used 69726K, committed 71232K, reserved 1114112K
  class space    used 7519K, committed 8128K, reserved 1048576K
}
Event: 818.173 GC heap after
{Heap after GC invocations=407 (full 3):
 PSYoungGen      total 5632K, used 320K [0x00000000d5580000, 0x00000000d5c80000, 0x0000000100000000)
  eden space 5120K, 0% used [0x00000000d5580000,0x00000000d5580000,0x00000000d5a80000)
  from space 512K, 62% used [0x00000000d5c00000,0x00000000d5c50000,0x00000000d5c80000)
  to   space 512K, 0% used [0x00000000d5b80000,0x00000000d5b80000,0x00000000d5c00000)
 ParOldGen       total 525312K, used 524921K [0x0000000080000000, 0x00000000a0100000, 0x00000000d5580000)
  object space 525312K, 99% used [0x0000000080000000,0x00000000a009e678,0x00000000a0100000)
 Metaspace       used 69726K, committed 71232K, reserved 1114112K
  class space    used 7519K, committed 8128K, reserved 1048576K
}
Event: 822.762 GC heap before
{Heap before GC invocations=408 (full 3):
 PSYoungGen      total 5632K, used 5440K [0x00000000d5580000, 0x00000000d5c80000, 0x0000000100000000)
  eden space 5120K, 100% used [0x00000000d5580000,0x00000000d5a80000,0x00000000d5a80000)
  from space 512K, 62% used [0x00000000d5c00000,0x00000000d5c50000,0x00000000d5c80000)
  to   space 512K, 0% used [0x00000000d5b80000,0x00000000d5b80000,0x00000000d5c00000)
 ParOldGen       total 525312K, used 524921K [0x0000000080000000, 0x00000000a0100000, 0x00000000d5580000)
  object space 525312K, 99% used [0x0000000080000000,0x00000000a009e678,0x00000000a0100000)
 Metaspace       used 69968K, committed 71424K, reserved 1114112K
  class space    used 7528K, committed 8128K, reserved 1048576K
}
Event: 822.772 GC heap after
{Heap after GC invocations=408 (full 3):
 PSYoungGen      total 5632K, used 480K [0x00000000d5580000, 0x00000000d5c80000, 0x0000000100000000)
  eden space 5120K, 0% used [0x00000000d5580000,0x00000000d5580000,0x00000000d5a80000)
  from space 512K, 93% used [0x00000000d5b80000,0x00000000d5bf8020,0x00000000d5c00000)
  to   space 512K, 0% used [0x00000000d5c00000,0x00000000d5c00000,0x00000000d5c80000)
 ParOldGen       total 525312K, used 525145K [0x0000000080000000, 0x00000000a0100000, 0x00000000d5580000)
  object space 525312K, 99% used [0x0000000080000000,0x00000000a00d6678,0x00000000a0100000)
 Metaspace       used 69968K, committed 71424K, reserved 1114112K
  class space    used 7528K, committed 8128K, reserved 1048576K
}
Event: 823.174 GC heap before
{Heap before GC invocations=409 (full 3):
 PSYoungGen      total 5632K, used 5599K [0x00000000d5580000, 0x00000000d5c80000, 0x0000000100000000)
  eden space 5120K, 99% used [0x00000000d5580000,0x00000000d5a7fe98,0x00000000d5a80000)
  from space 512K, 93% used [0x00000000d5b80000,0x00000000d5bf8020,0x00000000d5c00000)
  to   space 512K, 0% used [0x00000000d5c00000,0x00000000d5c00000,0x00000000d5c80000)
 ParOldGen       total 525312K, used 525145K [0x0000000080000000, 0x00000000a0100000, 0x00000000d5580000)
  object space 525312K, 99% used [0x0000000080000000,0x00000000a00d6678,0x00000000a0100000)
 Metaspace       used 70285K, committed 71808K, reserved 1114112K
  class space    used 7551K, committed 8192K, reserved 1048576K
}
Event: 823.179 GC heap after
{Heap after GC invocations=409 (full 3):
 PSYoungGen      total 4096K, used 496K [0x00000000d5580000, 0x00000000d6080000, 0x0000000100000000)
  eden space 3584K, 0% used [0x00000000d5580000,0x00000000d5580000,0x00000000d5900000)
  from space 512K, 96% used [0x00000000d5c00000,0x00000000d5c7c010,0x00000000d5c80000)
  to   space 3072K, 0% used [0x00000000d5900000,0x00000000d5900000,0x00000000d5c00000)
 ParOldGen       total 527360K, used 527323K [0x0000000080000000, 0x00000000a0300000, 0x00000000d5580000)
  object space 527360K, 99% used [0x0000000080000000,0x00000000a02f6f18,0x00000000a0300000)
 Metaspace       used 70285K, committed 71808K, reserved 1114112K
  class space    used 7551K, committed 8192K, reserved 1048576K
}
Event: 823.241 GC heap before
{Heap before GC invocations=410 (full 3):
 PSYoungGen      total 4096K, used 4080K [0x00000000d5580000, 0x00000000d6080000, 0x0000000100000000)
  eden space 3584K, 100% used [0x00000000d5580000,0x00000000d5900000,0x00000000d5900000)
  from space 512K, 96% used [0x00000000d5c00000,0x00000000d5c7c010,0x00000000d5c80000)
  to   space 3072K, 0% used [0x00000000d5900000,0x00000000d5900000,0x00000000d5c00000)
 ParOldGen       total 527360K, used 527323K [0x0000000080000000, 0x00000000a0300000, 0x00000000d5580000)
  object space 527360K, 99% used [0x0000000080000000,0x00000000a02f6f18,0x00000000a0300000)
 Metaspace       used 70311K, committed 71808K, reserved 1114112K
  class space    used 7551K, committed 8192K, reserved 1048576K
}
Event: 823.245 GC heap after
{Heap after GC invocations=410 (full 3):
 PSYoungGen      total 4608K, used 719K [0x00000000d5580000, 0x00000000d5c80000, 0x0000000100000000)
  eden space 3584K, 0% used [0x00000000d5580000,0x00000000d5580000,0x00000000d5900000)
  from space 1024K, 70% used [0x00000000d5900000,0x00000000d59b3c10,0x00000000d5a00000)
  to   space 1536K, 0% used [0x00000000d5b00000,0x00000000d5b00000,0x00000000d5c80000)
 ParOldGen       total 527872K, used 527789K [0x0000000080000000, 0x00000000a0380000, 0x00000000d5580000)
  object space 527872K, 99% used [0x0000000080000000,0x00000000a036b7e8,0x00000000a0380000)
 Metaspace       used 70311K, committed 71808K, reserved 1114112K
  class space    used 7551K, committed 8192K, reserved 1048576K
}
Event: 824.284 GC heap before
{Heap before GC invocations=411 (full 3):
 PSYoungGen      total 4608K, used 4303K [0x00000000d5580000, 0x00000000d5c80000, 0x0000000100000000)
  eden space 3584K, 100% used [0x00000000d5580000,0x00000000d5900000,0x00000000d5900000)
  from space 1024K, 70% used [0x00000000d5900000,0x00000000d59b3c10,0x00000000d5a00000)
  to   space 1536K, 0% used [0x00000000d5b00000,0x00000000d5b00000,0x00000000d5c80000)
 ParOldGen       total 527872K, used 527789K [0x0000000080000000, 0x00000000a0380000, 0x00000000d5580000)
  object space 527872K, 99% used [0x0000000080000000,0x00000000a036b7e8,0x00000000a0380000)
 Metaspace       used 70366K, committed 71872K, reserved 1114112K
  class space    used 7552K, committed 8192K, reserved 1048576K
}
Event: 824.287 GC heap after
{Heap after GC invocations=411 (full 3):
 PSYoungGen      total 4096K, used 288K [0x00000000d5580000, 0x00000000d5b80000, 0x0000000100000000)
  eden space 3584K, 0% used [0x00000000d5580000,0x00000000d5580000,0x00000000d5900000)
  from space 512K, 56% used [0x00000000d5b00000,0x00000000d5b48000,0x00000000d5b80000)
  to   space 1024K, 0% used [0x00000000d5980000,0x00000000d5980000,0x00000000d5a80000)
 ParOldGen       total 528384K, used 528268K [0x0000000080000000, 0x00000000a0400000, 0x00000000d5580000)
  object space 528384K, 99% used [0x0000000080000000,0x00000000a03e33f8,0x00000000a0400000)
 Metaspace       used 70366K, committed 71872K, reserved 1114112K
  class space    used 7552K, committed 8192K, reserved 1048576K
}

